<?xml version="1.0" encoding="UTF-8"?>
<!-- Generated by org.testng.reporters.JUnitXMLReporter -->
<testsuite ignored="6" hostname="DesktopMonitor-4th-Floor-room3" failures="0" tests="1" name="Default test" time="14.631" errors="0" timestamp="2023-04-06T09:22:36 IST">
  <testcase classname="com.trello.qspiders.learnactionclass.ActionOnMyntra" name="withOutEleReferenceLoginToActitime" time="7.133"/>
  <testcase classname="com.trello.qspiders.learnactionclass.ActionOnMyntra" name="PerformRightClickOnElement" time="0.0">
    <ignored/>
  </testcase> <!-- PerformRightClickOnElement -->
  <testcase classname="com.trello.qspiders.learnactionclass.ActionOnMyntra" name="oneEleOffsetAndMoveToOther" time="0.0">
    <ignored/>
  </testcase> <!-- oneEleOffsetAndMoveToOther -->
  <testcase classname="com.trello.qspiders.learnactionclass.ActionOnMyntra" name="mouseHoverOnAllMenTopWearOptions" time="0.0">
    <ignored/>
  </testcase> <!-- mouseHoverOnAllMenTopWearOptions -->
  <testcase classname="com.trello.qspiders.learnactionclass.ActionOnMyntra" name="moveMousePointerOnMenSection" time="0.0">
    <ignored/>
  </testcase> <!-- moveMousePointerOnMenSection -->
  <testcase classname="com.trello.qspiders.learnactionclass.ActionOnMyntra" name="UsageOfActionsClick" time="0.0">
    <ignored/>
  </testcase> <!-- UsageOfActionsClick -->
  <testcase classname="com.trello.qspiders.learnactionclass.ActionOnMyntra" name="moveOnSoManyEleAtATime" time="0.0">
    <ignored/>
  </testcase> <!-- moveOnSoManyEleAtATime -->
</testsuite> <!-- Default test -->
