<?xml version="1.0" encoding="UTF-8"?>
<testng-results ignored="6" total="7" passed="1" failed="0" skipped="0">
  <reporter-output>
    <line>
      <![CDATA[Browser Launched]]>
    </line>
    <line>
      <![CDATA[URL Triggered.]]>
    </line>
    <line>
      <![CDATA[Browser Session Terminated]]>
    </line>
  </reporter-output>
  <suite started-at="2023-04-06T09:22:21 IST" name="Default suite" finished-at="2023-04-06T09:22:36 IST" duration-ms="14631">
    <groups>
    </groups>
    <test started-at="2023-04-06T09:22:21 IST" name="Default test" finished-at="2023-04-06T09:22:36 IST" duration-ms="14631">
      <class name="com.trello.qspiders.learnactionclass.ActionOnMyntra">
        <test-method is-config="true" signature="configBeforeMethod()[pri:0, instance:com.trello.qspiders.learnactionclass.ActionOnMyntra@72e5a8e]" started-at="2023-04-06T09:22:21 IST" name="configBeforeMethod" finished-at="2023-04-06T09:22:28 IST" duration-ms="7095" status="PASS">
          <reporter-output>
            <line>
              <![CDATA[Browser Launched]]>
            </line>
            <line>
              <![CDATA[URL Triggered.]]>
            </line>
          </reporter-output>
        </test-method> <!-- configBeforeMethod -->
        <test-method signature="withOutEleReferenceLoginToActitime()[pri:0, instance:com.trello.qspiders.learnactionclass.ActionOnMyntra@72e5a8e]" started-at="2023-04-06T09:22:28 IST" name="withOutEleReferenceLoginToActitime" finished-at="2023-04-06T09:22:35 IST" duration-ms="7133" status="PASS">
          <reporter-output>
          </reporter-output>
        </test-method> <!-- withOutEleReferenceLoginToActitime -->
        <test-method is-config="true" signature="configAfterMethod()[pri:0, instance:com.trello.qspiders.learnactionclass.ActionOnMyntra@72e5a8e]" started-at="2023-04-06T09:22:35 IST" name="configAfterMethod" finished-at="2023-04-06T09:22:36 IST" duration-ms="369" status="PASS">
          <reporter-output>
            <line>
              <![CDATA[Browser Session Terminated]]>
            </line>
          </reporter-output>
        </test-method> <!-- configAfterMethod -->
      </class> <!-- com.trello.qspiders.learnactionclass.ActionOnMyntra -->
    </test> <!-- Default test -->
  </suite> <!-- Default suite -->
</testng-results>
